build/outputs/logs/manifest-merger-debug-report.txt
-- Merging decision tree log ---
provider#com.msimplelogic.activities.GenericFileProvider
INJECTED from AndroidStudioProjects\MetalEnhance\AndroidManifest.xml:1057:9-1065:20
	android:grantUriPermissions
		ADDED from AndroidStudioProjects\MetalEnhance\AndroidManifest.xml:1061:13-47
	android:authorities
		INJECTED from AndroidStudioProjects\MetalEnhance\AndroidManifest.xml
		ADDED from AndroidStudioProjects\MetalEnhance\AndroidManifest.xml:1059:13-60
	android:exported
		ADDED from AndroidStudioProjects\MetalEnhance\AndroidManifest.xml:1060:13-37
	android:name
		ADDED from AndroidStudioProjects\MetalEnhance\AndroidManifest.xml:1058:13-48
manifest
ADDED from AndroidStudioProjects\MetalEnhance\AndroidManifest.xml:2:1-1111:12
INJECTED from AndroidStudioProjects\MetalEnhance\AndroidManifest.xml:2:1-1111:12
INJECTED from AndroidStudioProjects\MetalEnhance\AndroidManifest.xml:2:1-1111:12
INJECTED from AndroidStudioProjects\MetalEnhance\AndroidManifest.xml:2:1-1111:12
MERGED from [com.karumi:dexter:5.0.0] AndroidManifest.xml:17:1-32:12
MERGED from [com.riontech:calendar:1.0] AndroidManifest.xml:2:1-18:12
MERGED from [com.github.gastricspark:scrolldatepicker:0.0.1] AndroidManifest.xml:2:1-17:12
MERGED from [com.github.SanojPunchihewa:InAppUpdater:1.0.5-alpha.1] AndroidManifest.xml:2:1-11:12
MERGED from [info.androidhive:barcode-reader:1.1.5] AndroidManifest.xml:2:1-15:12
MERGED from [androidx.navigation:navigation-ui-ktx:2.0.0] AndroidManifest.xml:17:1-22:12
MERGED from [androidx.navigation:navigation-ui:2.0.0] AndroidManifest.xml:17:1-22:12
MERGED from [com.github.mybringback22.HorizontalCalendarView-Android-:horizontalcalendarview:0.1.0] AndroidManifest.xml:2:1-11:12
MERGED from [com.google.android.material:material:1.0.0] AndroidManifest.xml:17:1-24:12
MERGED from [com.google.firebase:firebase-inappmessaging-display:19.0.2] AndroidManifest.xml:2:1-24:12
MERGED from [com.github.Pygmalion69:Gauge:1.5.2] AndroidManifest.xml:2:1-17:12
MERGED from [com.jsibbold:zoomage:1.2.0] AndroidManifest.xml:2:1-12:12
MERGED from [com.github.abumoallim:Android-Multi-Select-Dialog:v1.9] AndroidManifest.xml:2:1-17:12
MERGED from [net.gotev:uploadservice:2.1] AndroidManifest.xml:2:1-23:12
MERGED from [com.wdullaer:materialdatetimepicker:4.2.3] AndroidManifest.xml:17:1-30:12
MERGED from [com.mlsdev.animatedrv:library:1.0.1] AndroidManifest.xml:2:1-17:12
MERGED from [com.ramotion.foldingcell:folding-cell:1.2.3] AndroidManifest.xml:2:1-11:12
MERGED from [com.github.ome450901:SimpleRatingBar:1.5.0] AndroidManifest.xml:2:1-14:12
MERGED from [com.github.mahimrocky:EventCalender:v1.0.0] AndroidManifest.xml:2:1-11:12
MERGED from [com.applandeo:material-calendar-view:1.7.0] AndroidManifest.xml:2:1-11:12
MERGED from [com.thoughtbot:expandablerecyclerview:1.3] AndroidManifest.xml:2:1-12:12
MERGED from [com.github.adrielcafe:AndroidAudioRecorder:0.3.0] AndroidManifest.xml:2:1-18:12
MERGED from [com.github.mybringback22.HorizontalCalendarView-Android-:horizontalcalendarviewlibrary:0.1.0] AndroidManifest.xml:2:1-11:12
MERGED from [com.cleveroad:audiovisualization:1.0.0] AndroidManifest.xml:2:1-12:12
MERGED from [androidx.appcompat:appcompat:1.1.0] AndroidManifest.xml:17:1-24:12
MERGED from [devs.mulham.horizontalcalendar:horizontalcalendar:1.3.4] AndroidManifest.xml:2:1-14:12
MERGED from [androidx.constraintlayout:constraintlayout:1.1.3] AndroidManifest.xml:2:1-11:12
MERGED from [androidx.appcompat:appcompat-resources:1.1.0] AndroidManifest.xml:17:1-24:12
MERGED from [com.github.bumptech.glide:glide:4.9.0] AndroidManifest.xml:2:1-12:12
MERGED from [androidx.vectordrawable:vectordrawable-animated:1.1.0] AndroidManifest.xml:17:1-24:12
MERGED from [androidx.vectordrawable:vectordrawable:1.1.0] AndroidManifest.xml:17:1-24:12
MERGED from [androidx.cardview:cardview:1.0.0] AndroidManifest.xml:17:1-22:12
MERGED from [com.github.vipulasri:timelineview:1.1.3] AndroidManifest.xml:2:1-17:12
MERGED from [com.github.JakeWharton:ViewPagerIndicator:2.4.1] AndroidManifest.xml:2:1-11:12
MERGED from [androidx.legacy:legacy-support-v4:1.0.0] AndroidManifest.xml:17:1-22:12
MERGED from [com.github.chrisbanes:PhotoView:2.1.3] AndroidManifest.xml:2:1-12:12
MERGED from [androidx.palette:palette:1.0.0] AndroidManifest.xml:17:1-22:12
MERGED from [androidx.gridlayout:gridlayout:1.0.0] AndroidManifest.xml:17:1-22:12
MERGED from [androidx.browser:browser:1.0.0] AndroidManifest.xml:17:1-22:12
MERGED from [androidx.legacy:legacy-support-core-ui:1.0.0] AndroidManifest.xml:17:1-22:12
MERGED from [com.google.firebase:firebase-analytics:17.2.1] AndroidManifest.xml:2:1-9:12
MERGED from [com.google.android.gms:play-services-measurement:17.2.1] AndroidManifest.xml:17:1-55:12
MERGED from [com.google.firebase:firebase-messaging:20.1.0] AndroidManifest.xml:17:1-44:12
MERGED from [com.google.android.gms:play-services-measurement-api:17.2.1] AndroidManifest.xml:17:1-36:12
MERGED from [com.google.firebase:firebase-inappmessaging:19.0.2] AndroidManifest.xml:2:1-23:12
MERGED from [com.google.firebase:firebase-iid:20.0.2] AndroidManifest.xml:17:1-47:12
MERGED from [com.google.android.gms:play-services-measurement-sdk:17.2.1] AndroidManifest.xml:17:1-25:12
MERGED from [com.google.android.gms:play-services-measurement-impl:17.2.1] AndroidManifest.xml:17:1-40:12
MERGED from [com.google.android.gms:play-services-stats:17.0.0] AndroidManifest.xml:2:1-9:12
MERGED from [androidx.navigation:navigation-fragment-ktx:2.0.0] AndroidManifest.xml:17:1-22:12
MERGED from [androidx.navigation:navigation-fragment:2.0.0] AndroidManifest.xml:17:1-22:12
MERGED from [androidx.navigation:navigation-runtime-ktx:2.0.0] AndroidManifest.xml:17:1-22:12
MERGED from [androidx.navigation:navigation-runtime:2.0.0] AndroidManifest.xml:17:1-22:12
MERGED from [androidx.legacy:legacy-support-core-utils:1.0.0] AndroidManifest.xml:17:1-22:12
MERGED from [androidx.transition:transition:1.0.0] AndroidManifest.xml:17:1-22:12
MERGED from [androidx.media:media:1.0.0] AndroidManifest.xml:17:1-22:12
MERGED from [com.github.bumptech.glide:gifdecoder:4.9.0] AndroidManifest.xml:2:1-11:12
MERGED from [com.google.firebase:firebase-datatransport:17.0.3] AndroidManifest.xml:15:1-34:12
MERGED from [com.google.android.datatransport:transport-backend-cct:2.2.0] AndroidManifest.xml:15:1-38:12
MERGED from [com.google.android.datatransport:transport-runtime:2.2.0] AndroidManifest.xml:15:1-41:12
MERGED from [com.google.firebase:firebase-abt:19.0.0] AndroidManifest.xml:2:1-19:12
MERGED from [com.google.firebase:firebase-common:19.3.0] AndroidManifest.xml:15:1-39:12
MERGED from [com.google.firebase:firebase-components:16.0.0] AndroidManifest.xml:15:1-23:12
MERGED from [com.google.firebase:firebase-encoders-json:16.0.0] AndroidManifest.xml:15:1-23:12
MERGED from [com.squareup.picasso:picasso:2.71828] AndroidManifest.xml:2:1-14:12
MERGED from [com.github.sharish:ShimmerRecyclerView:v1.3] AndroidManifest.xml:18:1-28:12
MERGED from [com.github.kizitonwose:CalendarView:0.3.2] AndroidManifest.xml:2:1-11:12
MERGED from [androidx.recyclerview:recyclerview:1.1.0] AndroidManifest.xml:17:1-24:12
MERGED from [androidx.documentfile:documentfile:1.0.0] AndroidManifest.xml:17:1-22:12
MERGED from [com.google.android.gms:play-services-location:16.0.0] AndroidManifest.xml:2:1-9:12
MERGED from [com.google.android.gms:play-services-maps:16.1.0] AndroidManifest.xml:17:1-38:12
MERGED from [com.google.android.gms:play-services-auth:16.0.1] AndroidManifest.xml:17:1-39:12
MERGED from [com.google.android.gms:play-services-vision:19.0.0] AndroidManifest.xml:2:1-9:12
MERGED from [com.google.android.gms:play-services-places-placereport:16.0.0] AndroidManifest.xml:17:1-24:12
MERGED from [com.google.android.gms:play-services-auth-api-phone:16.0.0] AndroidManifest.xml:2:1-7:12
MERGED from [com.google.android.gms:play-services-auth-base:16.0.0] AndroidManifest.xml:2:1-7:12
MERGED from [com.google.android.gms:play-services-vision-common:19.0.0] AndroidManifest.xml:2:1-9:12
MERGED from [com.google.firebase:firebase-iid-interop:17.0.0] AndroidManifest.xml:2:1-10:12
MERGED from [com.google.android.gms:play-services-clearcut:17.0.0] AndroidManifest.xml:17:1-24:12
MERGED from [com.google.android.gms:play-services-flags:17.0.0] AndroidManifest.xml:17:1-22:12
MERGED from [com.google.android.gms:play-services-phenotype:17.0.0] AndroidManifest.xml:17:1-24:12
MERGED from [com.google.android.gms:play-services-base:17.0.0] AndroidManifest.xml:17:1-29:12
MERGED from [com.google.android.gms:play-services-tasks:17.0.0] AndroidManifest.xml:2:1-9:12
MERGED from [com.google.firebase:firebase-measurement-connector:18.0.0] AndroidManifest.xml:17:1-25:12
MERGED from [com.google.android.gms:play-services-measurement-sdk-api:17.2.1] AndroidManifest.xml:17:1-27:12
MERGED from [com.google.android.gms:play-services-measurement-base:17.2.1] AndroidManifest.xml:2:1-9:12
MERGED from [com.google.android.gms:play-services-ads-identifier:17.0.0] AndroidManifest.xml:17:1-24:12
MERGED from [com.google.android.gms:play-services-basement:17.0.0] AndroidManifest.xml:17:1-28:12
MERGED from [androidx.fragment:fragment:1.1.0] AndroidManifest.xml:17:1-24:12
MERGED from [androidx.loader:loader:1.0.0] AndroidManifest.xml:17:1-22:12
MERGED from [androidx.localbroadcastmanager:localbroadcastmanager:1.0.0] AndroidManifest.xml:17:1-22:12
MERGED from [androidx.print:print:1.0.0] AndroidManifest.xml:17:1-22:12
MERGED from [androidx.viewpager:viewpager:1.0.0] AndroidManifest.xml:17:1-22:12
MERGED from [androidx.coordinatorlayout:coordinatorlayout:1.0.0] AndroidManifest.xml:17:1-22:12
MERGED from [androidx.drawerlayout:drawerlayout:1.0.0] AndroidManifest.xml:17:1-22:12
MERGED from [androidx.slidingpanelayout:slidingpanelayout:1.0.0] AndroidManifest.xml:17:1-22:12
MERGED from [androidx.customview:customview:1.0.0] AndroidManifest.xml:17:1-22:12
MERGED from [androidx.swiperefreshlayout:swiperefreshlayout:1.0.0] AndroidManifest.xml:17:1-22:12
MERGED from [androidx.interpolator:interpolator:1.0.0] AndroidManifest.xml:17:1-22:12
MERGED from [androidx.asynclayoutinflater:asynclayoutinflater:1.0.0] AndroidManifest.xml:17:1-22:12
MERGED from [androidx.cursoradapter:cursoradapter:1.0.0] AndroidManifest.xml:17:1-22:12
MERGED from [androidx.exifinterface:exifinterface:1.0.0] AndroidManifest.xml:17:1-22:12
MERGED from [androidx.navigation:navigation-common-ktx:2.0.0] AndroidManifest.xml:17:1-22:12
MERGED from [androidx.navigation:navigation-common:2.0.0] AndroidManifest.xml:17:1-22:12
MERGED from [androidx.activity:activity:1.0.0] AndroidManifest.xml:17:1-24:12
MERGED from [androidx.core:core:1.1.0] AndroidManifest.xml:17:1-26:12
MERGED from [androidx.versionedparcelable:versionedparcelable:1.1.0] AndroidManifest.xml:17:1-27:12
MERGED from [com.github.gcacace:signature-pad:1.2.1] AndroidManifest.xml:2:1-13:12
MERGED from [androidx.databinding:databinding-adapters:3.4.2] AndroidManifest.xml:17:1-24:12
MERGED from [androidx.databinding:databinding-runtime:3.4.2] AndroidManifest.xml:17:1-24:12
MERGED from [androidx.lifecycle:lifecycle-livedata:2.0.0] AndroidManifest.xml:17:1-22:12
MERGED from [androidx.lifecycle:lifecycle-livedata-core:2.0.0] AndroidManifest.xml:17:1-22:12
MERGED from [androidx.arch.core:core-runtime:2.0.0] AndroidManifest.xml:17:1-22:12
MERGED from [androidx.lifecycle:lifecycle-runtime:2.1.0] AndroidManifest.xml:17:1-22:12
MERGED from [androidx.lifecycle:lifecycle-viewmodel:2.1.0] AndroidManifest.xml:17:1-22:12
MERGED from [androidx.savedstate:savedstate:1.0.0] AndroidManifest.xml:17:1-24:12
MERGED from [com.mcxiaoke.volley:library-aar:1.0.1] AndroidManifest.xml:1:70-7:12
MERGED from [androidx.multidex:multidex:2.0.0] AndroidManifest.xml:17:1-22:12
MERGED from [com.github.anastr:speedviewlib:1.3.1] AndroidManifest.xml:2:1-14:12
MERGED from [com.github.Cutta:GifView:1.4] AndroidManifest.xml:2:1-14:12
MERGED from [com.crashlytics.sdk.android:crashlytics:2.10.1] AndroidManifest.xml:2:1-26:12
MERGED from [com.toptoche.searchablespinner:searchablespinnerlibrary:1.3.1] AndroidManifest.xml:2:1-17:12
MERGED from [de.hdodenhof:circleimageview:3.0.1] AndroidManifest.xml:2:1-11:12
MERGED from [com.scottyab:aescrypt:0.0.1] AndroidManifest.xml:2:1-12:12
MERGED from [com.github.douglasjunior:android-simple-tooltip:master-SNAPSHOT] AndroidManifest.xml:2:1-14:12
MERGED from [nl.dionsegijn:konfetti:1.1.3] AndroidManifest.xml:2:1-13:12
MERGED from [com.timqi.sectorprogressview:library:2.0.1] AndroidManifest.xml:2:1-15:12
MERGED from [com.nightonke:boommenu:2.1.1] AndroidManifest.xml:2:1-16:12
MERGED from [com.whiteelephant:monthandyearpicker:1.3.0] AndroidManifest.xml:2:1-17:12
MERGED from [com.cocosw:bottomsheet:1.5.0] AndroidManifest.xml:2:1-11:12
MERGED from [com.jakewharton.threetenabp:threetenabp:1.1.1] AndroidManifest.xml:2:1-9:12
MERGED from [pl.droidsonroids.gif:android-gif-drawable:1.2.19] AndroidManifest.xml:2:1-9:12
MERGED from [com.google.android.datatransport:transport-api:2.2.0] AndroidManifest.xml:15:1-22:12
MERGED from [com.crashlytics.sdk.android:crashlytics-core:2.7.0] AndroidManifest.xml:45:1-56:12
MERGED from [com.crashlytics.sdk.android:beta:1.2.10] AndroidManifest.xml:2:1-13:12
MERGED from [com.crashlytics.sdk.android:answers:1.4.7] AndroidManifest.xml:2:1-13:12
MERGED from [io.fabric.sdk.android:fabric:1.4.8] AndroidManifest.xml:22:1-33:12
MERGED from [io.supercharge:shimmerlayout:2.1.0] AndroidManifest.xml:2:1-14:12
MERGED from [com.google.android.play:core:1.6.3] AndroidManifest.xml:2:1-12:12
MERGED from [com.kailashdabhi:om-recorder:1.1.0] AndroidManifest.xml:2:1-19:12
MERGED from [pl.droidsonroids:relinker:1.3.1] AndroidManifest.xml:2:1-7:12
MERGED from [com.google.firebase:protolite-well-known-types:17.0.0] AndroidManifest.xml:2:1-11:12
MERGED from [io.reactivex.rxjava2:rxandroid:2.0.2] AndroidManifest.xml:15:1-21:12
INJECTED from AndroidStudioProjects\MetalEnhance\AndroidManifest.xml:2:1-1111:12
INJECTED from AndroidStudioProjects\MetalEnhance\AndroidManifest.xml:2:1-1111:12
INJECTED from AndroidStudioProjects\MetalEnhance\AndroidManifest.xml:2:1-1111:12
	package
		ADDED from AndroidStudioProjects\MetalEnhance\AndroidManifest.xml:4:5-42
		INJECTED from AndroidStudioProjects\MetalEnhance\AndroidManifest.xml
		INJECTED from AndroidStudioProjects\MetalEnhance\AndroidManifest.xml
	android:versionName
		INJECTED from AndroidStudioProjects\MetalEnhance\AndroidManifest.xml
		ADDED from AndroidStudioProjects\MetalEnhance\AndroidManifest.xml:2:1-1111:12
		INJECTED from AndroidStudioProjects\MetalEnhance\AndroidManifest.xml
	xmlns:tools
		ADDED from AndroidStudioProjects\MetalEnhance\AndroidManifest.xml:3:5-51
	android:versionCode
		INJECTED from AndroidStudioProjects\MetalEnhance\AndroidManifest.xml
		ADDED from AndroidStudioProjects\MetalEnhance\AndroidManifest.xml:2:1-1111:12
		INJECTED from AndroidStudioProjects\MetalEnhance\AndroidManifest.xml
	xmlns:android
		ADDED from AndroidStudioProjects\MetalEnhance\AndroidManifest.xml:2:11-69
uses-permission#android.permission.INTERNET
ADDED from AndroidStudioProjects\MetalEnhance\AndroidManifest.xml:6:5-67
MERGED from [com.google.firebase:firebase-inappmessaging-display:19.0.2] AndroidManifest.xml:12:5-67
MERGED from [com.google.firebase:firebase-inappmessaging-display:19.0.2] AndroidManifest.xml:12:5-67
MERGED from [net.gotev:uploadservice:2.1] AndroidManifest.xml:11:5-67
MERGED from [net.gotev:uploadservice:2.1] AndroidManifest.xml:11:5-67
MERGED from [com.google.android.gms:play-services-measurement:17.2.1] AndroidManifest.xml:23:5-67
MERGED from [com.google.android.gms:play-services-measurement:17.2.1] AndroidManifest.xml:23:5-67
MERGED from [com.google.android.gms:play-services-measurement-api:17.2.1] AndroidManifest.xml:22:5-67
MERGED from [com.google.android.gms:play-services-measurement-api:17.2.1] AndroidManifest.xml:22:5-67
MERGED from [com.google.firebase:firebase-inappmessaging:19.0.2] AndroidManifest.xml:11:5-67
MERGED from [com.google.firebase:firebase-inappmessaging:19.0.2] AndroidManifest.xml:11:5-67
MERGED from [com.google.firebase:firebase-iid:20.0.2] AndroidManifest.xml:23:5-67
MERGED from [com.google.firebase:firebase-iid:20.0.2] AndroidManifest.xml:23:5-67
MERGED from [com.google.android.gms:play-services-measurement-impl:17.2.1] AndroidManifest.xml:23:5-67
MERGED from [com.google.android.gms:play-services-measurement-impl:17.2.1] AndroidManifest.xml:23:5-67
MERGED from [com.google.android.datatransport:transport-backend-cct:2.2.0] AndroidManifest.xml:26:5-67
MERGED from [com.google.android.datatransport:transport-backend-cct:2.2.0] AndroidManifest.xml:26:5-67
MERGED from [com.google.android.gms:play-services-maps:16.1.0] AndroidManifest.xml:24:5-67
MERGED from [com.google.android.gms:play-services-maps:16.1.0] AndroidManifest.xml:24:5-67
MERGED from [com.google.android.gms:play-services-measurement-sdk-api:17.2.1] AndroidManifest.xml:23:5-67
MERGED from [com.google.android.gms:play-services-measurement-sdk-api:17.2.1] AndroidManifest.xml:23:5-67
MERGED from [com.crashlytics.sdk.android:crashlytics:2.10.1] AndroidManifest.xml:16:5-67
MERGED from [com.crashlytics.sdk.android:crashlytics:2.10.1] AndroidManifest.xml:16:5-67
MERGED from [com.crashlytics.sdk.android:crashlytics-core:2.7.0] AndroidManifest.xml:52:5-67
MERGED from [com.crashlytics.sdk.android:crashlytics-core:2.7.0] AndroidManifest.xml:52:5-67
MERGED from [com.crashlytics.sdk.android:beta:1.2.10] AndroidManifest.xml:9:5-67
MERGED from [com.crashlytics.sdk.android:beta:1.2.10] AndroidManifest.xml:9:5-67
MERGED from [com.crashlytics.sdk.android:answers:1.4.7] AndroidManifest.xml:9:5-67
MERGED from [com.crashlytics.sdk.android:answers:1.4.7] AndroidManifest.xml:9:5-67
MERGED from [io.fabric.sdk.android:fabric:1.4.8] AndroidManifest.xml:29:5-67
MERGED from [io.fabric.sdk.android:fabric:1.4.8] AndroidManifest.xml:29:5-67
	android:name
		ADDED from AndroidStudioProjects\MetalEnhance\AndroidManifest.xml:6:22-64
uses-permission#android.permission.USE_FINGERPRINT
ADDED from AndroidStudioProjects\MetalEnhance\AndroidManifest.xml:7:5-74
	android:name
		ADDED from AndroidStudioProjects\MetalEnhance\AndroidManifest.xml:7:22-71
supports-screens
ADDED from AndroidStudioProjects\MetalEnhance\AndroidManifest.xml:9:5-14:39
	android:largeScreens
		ADDED from AndroidStudioProjects\MetalEnhance\AndroidManifest.xml:11:9-36
	android:smallScreens
		ADDED from AndroidStudioProjects\MetalEnhance\AndroidManifest.xml:14:9-36
	android:normalScreens
		ADDED from AndroidStudioProjects\MetalEnhance\AndroidManifest.xml:12:9-37
	android:resizeable
		ADDED from AndroidStudioProjects\MetalEnhance\AndroidManifest.xml:13:9-34
	android:anyDensity
		ADDED from AndroidStudioProjects\MetalEnhance\AndroidManifest.xml:10:9-34
uses-permission#android.permission.ACCESS_NETWORK_STATE
ADDED from AndroidStudioProjects\MetalEnhance\AndroidManifest.xml:16:5-79
MERGED from [com.google.firebase:firebase-inappmessaging-display:19.0.2] AndroidManifest.xml:11:5-79
MERGED from [com.google.firebase:firebase-inappmessaging-display:19.0.2] AndroidManifest.xml:11:5-79
MERGED from [com.google.android.gms:play-services-measurement:17.2.1] AndroidManifest.xml:24:5-79
MERGED from [com.google.android.gms:play-services-measurement:17.2.1] AndroidManifest.xml:24:5-79
MERGED from [com.google.android.gms:play-services-measurement-api:17.2.1] AndroidManifest.xml:23:5-79
MERGED from [com.google.android.gms:play-services-measurement-api:17.2.1] AndroidManifest.xml:23:5-79
MERGED from [com.google.firebase:firebase-inappmessaging:19.0.2] AndroidManifest.xml:10:5-79
MERGED from [com.google.firebase:firebase-inappmessaging:19.0.2] AndroidManifest.xml:10:5-79
MERGED from [com.google.firebase:firebase-iid:20.0.2] AndroidManifest.xml:22:5-79
MERGED from [com.google.firebase:firebase-iid:20.0.2] AndroidManifest.xml:22:5-79
MERGED from [com.google.android.gms:play-services-measurement-impl:17.2.1] AndroidManifest.xml:24:5-79
MERGED from [com.google.android.gms:play-services-measurement-impl:17.2.1] AndroidManifest.xml:24:5-79
MERGED from [com.google.android.datatransport:transport-backend-cct:2.2.0] AndroidManifest.xml:25:5-79
MERGED from [com.google.android.datatransport:transport-backend-cct:2.2.0] AndroidManifest.xml:25:5-79
MERGED from [com.google.android.datatransport:transport-runtime:2.2.0] AndroidManifest.xml:22:5-79
MERGED from [com.google.android.datatransport:transport-runtime:2.2.0] AndroidManifest.xml:22:5-79
MERGED from [com.google.android.gms:play-services-maps:16.1.0] AndroidManifest.xml:23:5-79
MERGED from [com.google.android.gms:play-services-maps:16.1.0] AndroidManifest.xml:23:5-79
MERGED from [com.google.android.gms:play-services-measurement-sdk-api:17.2.1] AndroidManifest.xml:24:5-79
MERGED from [com.google.android.gms:play-services-measurement-sdk-api:17.2.1] AndroidManifest.xml:24:5-79
	android:name
		ADDED from AndroidStudioProjects\MetalEnhance\AndroidManifest.xml:16:22-76
uses-permission#com.google.android.providers.gsf.permission.READ_GSERVICES
ADDED from AndroidStudioProjects\MetalEnhance\AndroidManifest.xml:17:5-98
	android:name
		ADDED from AndroidStudioProjects\MetalEnhance\AndroidManifest.xml:17:22-95
uses-permission#android.permission.ACCESS_COARSE_LOCATION
ADDED from AndroidStudioProjects\MetalEnhance\AndroidManifest.xml:18:5-81
	android:name
		ADDED from AndroidStudioProjects\MetalEnhance\AndroidManifest.xml:18:22-78
uses-permission#android.permission.ACCESS_FINE_LOCATION
ADDED from AndroidStudioProjects\MetalEnhance\AndroidManifest.xml:19:5-79
	android:name
		ADDED from AndroidStudioProjects\MetalEnhance\AndroidManifest.xml:19:22-76
uses-permission#android.location.GPS_ENABLED_CHANGE
ADDED from AndroidStudioProjects\MetalEnhance\AndroidManifest.xml:20:5-75
	android:name
		ADDED from AndroidStudioProjects\MetalEnhance\AndroidManifest.xml:20:22-72
uses-permission#android.permission.SYSTEM_ALERT_WINDOW
ADDED from AndroidStudioProjects\MetalEnhance\AndroidManifest.xml:21:5-78
	android:name
		ADDED from AndroidStudioProjects\MetalEnhance\AndroidManifest.xml:21:22-75
uses-permission#android.permission.FOREGROUND_SERVICE
ADDED from AndroidStudioProjects\MetalEnhance\AndroidManifest.xml:22:5-77
	android:name
		ADDED from AndroidStudioProjects\MetalEnhance\AndroidManifest.xml:22:22-74
uses-permission#android.permission.CALL_PHONE
ADDED from AndroidStudioProjects\MetalEnhance\AndroidManifest.xml:23:5-69
	android:name
		ADDED from AndroidStudioProjects\MetalEnhance\AndroidManifest.xml:23:22-66
uses-feature#0x00020000
ADDED from AndroidStudioProjects\MetalEnhance\AndroidManifest.xml:25:5-27:35
MERGED from [com.google.android.gms:play-services-maps:16.1.0] AndroidManifest.xml:26:5-28:35
MERGED from [com.google.android.gms:play-services-maps:16.1.0] AndroidManifest.xml:26:5-28:35
	android:glEsVersion
		ADDED from AndroidStudioProjects\MetalEnhance\AndroidManifest.xml:26:9-41
	android:required
		ADDED from AndroidStudioProjects\MetalEnhance\AndroidManifest.xml:27:9-32
uses-permission#android.permission.RECEIVE_BOOT_COMPLETED
ADDED from AndroidStudioProjects\MetalEnhance\AndroidManifest.xml:29:5-81
	android:name
		ADDED from AndroidStudioProjects\MetalEnhance\AndroidManifest.xml:29:22-78
uses-permission#android.permission.WRITE_EXTERNAL_STORAGE
ADDED from AndroidStudioProjects\MetalEnhance\AndroidManifest.xml:30:5-81
MERGED from [net.gotev:uploadservice:2.1] AndroidManifest.xml:12:5-81
MERGED from [net.gotev:uploadservice:2.1] AndroidManifest.xml:12:5-81
MERGED from [com.kailashdabhi:om-recorder:1.1.0] AndroidManifest.xml:10:5-81
MERGED from [com.kailashdabhi:om-recorder:1.1.0] AndroidManifest.xml:10:5-81
	android:name
		ADDED from AndroidStudioProjects\MetalEnhance\AndroidManifest.xml:30:22-78
uses-permission#android.permission.READ_EXTERNAL_STORAGE
ADDED from AndroidStudioProjects\MetalEnhance\AndroidManifest.xml:31:5-80
MERGED from [com.kailashdabhi:om-recorder:1.1.0] AndroidManifest.xml:11:5-80
MERGED from [com.kailashdabhi:om-recorder:1.1.0] AndroidManifest.xml:11:5-80
	android:name
		ADDED from AndroidStudioProjects\MetalEnhance\AndroidManifest.xml:31:22-77
uses-permission#android.permission.READ_PHONE_STATE
ADDED from AndroidStudioProjects\MetalEnhance\AndroidManifest.xml:32:5-75
	android:name
		ADDED from AndroidStudioProjects\MetalEnhance\AndroidManifest.xml:32:22-72
uses-feature#android.hardware.camera
ADDED from AndroidStudioProjects\MetalEnhance\AndroidManifest.xml:34:5-60
MERGED from [info.androidhive:barcode-reader:1.1.5] AndroidManifest.xml:13:5-60
MERGED from [info.androidhive:barcode-reader:1.1.5] AndroidManifest.xml:13:5-60
	android:name
		ADDED from AndroidStudioProjects\MetalEnhance\AndroidManifest.xml:34:19-57
uses-permission#android.permission.CAMERA
ADDED from AndroidStudioProjects\MetalEnhance\AndroidManifest.xml:36:5-65
MERGED from [info.androidhive:barcode-reader:1.1.5] AndroidManifest.xml:11:5-65
MERGED from [info.androidhive:barcode-reader:1.1.5] AndroidManifest.xml:11:5-65
	android:name
		ADDED from AndroidStudioProjects\MetalEnhance\AndroidManifest.xml:36:22-62
uses-permission#android.permission.WAKE_LOCK
ADDED from AndroidStudioProjects\MetalEnhance\AndroidManifest.xml:38:5-68
MERGED from [net.gotev:uploadservice:2.1] AndroidManifest.xml:13:5-68
MERGED from [net.gotev:uploadservice:2.1] AndroidManifest.xml:13:5-68
MERGED from [com.google.android.gms:play-services-measurement:17.2.1] AndroidManifest.xml:25:5-68
MERGED from [com.google.android.gms:play-services-measurement:17.2.1] AndroidManifest.xml:25:5-68
MERGED from [com.google.android.gms:play-services-measurement-api:17.2.1] AndroidManifest.xml:24:5-68
MERGED from [com.google.android.gms:play-services-measurement-api:17.2.1] AndroidManifest.xml:24:5-68
MERGED from [com.google.firebase:firebase-iid:20.0.2] AndroidManifest.xml:24:5-68
MERGED from [com.google.firebase:firebase-iid:20.0.2] AndroidManifest.xml:24:5-68
MERGED from [com.google.android.gms:play-services-measurement-impl:17.2.1] AndroidManifest.xml:25:5-68
MERGED from [com.google.android.gms:play-services-measurement-impl:17.2.1] AndroidManifest.xml:25:5-68
MERGED from [com.google.android.gms:play-services-measurement-sdk-api:17.2.1] AndroidManifest.xml:25:5-68
MERGED from [com.google.android.gms:play-services-measurement-sdk-api:17.2.1] AndroidManifest.xml:25:5-68
	android:name
		ADDED from AndroidStudioProjects\MetalEnhance\AndroidManifest.xml:38:22-65
uses-permission#com.google.android.c2dm.permission.RECEIVE
ADDED from AndroidStudioProjects\MetalEnhance\AndroidManifest.xml:40:5-82
MERGED from [com.google.firebase:firebase-iid:20.0.2] AndroidManifest.xml:26:5-82
MERGED from [com.google.firebase:firebase-iid:20.0.2] AndroidManifest.xml:26:5-82
	android:name
		ADDED from AndroidStudioProjects\MetalEnhance\AndroidManifest.xml:40:22-79
uses-permission#android.permission.ACCESS_WIFI_STATE
ADDED from AndroidStudioProjects\MetalEnhance\AndroidManifest.xml:41:5-76
	android:name
		ADDED from AndroidStudioProjects\MetalEnhance\AndroidManifest.xml:41:22-73
uses-permission#android.permission.RECORD_AUDIO
ADDED from AndroidStudioProjects\MetalEnhance\AndroidManifest.xml:42:5-71
MERGED from [com.kailashdabhi:om-recorder:1.1.0] AndroidManifest.xml:9:5-71
MERGED from [com.kailashdabhi:om-recorder:1.1.0] AndroidManifest.xml:9:5-71
	android:name
		ADDED from AndroidStudioProjects\MetalEnhance\AndroidManifest.xml:42:22-68
application
ADDED from AndroidStudioProjects\MetalEnhance\AndroidManifest.xml:44:5-1109:19
MERGED from [com.karumi:dexter:5.0.0] AndroidManifest.xml:26:5-30:19
MERGED from [com.karumi:dexter:5.0.0] AndroidManifest.xml:26:5-30:19
MERGED from [com.riontech:calendar:1.0] AndroidManifest.xml:11:5-16:19
MERGED from [com.riontech:calendar:1.0] AndroidManifest.xml:11:5-16:19
MERGED from [com.github.gastricspark:scrolldatepicker:0.0.1] AndroidManifest.xml:11:5-15:19
MERGED from [com.github.gastricspark:scrolldatepicker:0.0.1] AndroidManifest.xml:11:5-15:19
MERGED from [com.google.android.material:material:1.0.0] AndroidManifest.xml:22:5-20
MERGED from [com.google.android.material:material:1.0.0] AndroidManifest.xml:22:5-20
MERGED from [com.google.firebase:firebase-inappmessaging-display:19.0.2] AndroidManifest.xml:14:5-22:19
MERGED from [com.google.firebase:firebase-inappmessaging-display:19.0.2] AndroidManifest.xml:14:5-22:19
MERGED from [com.github.Pygmalion69:Gauge:1.5.2] AndroidManifest.xml:11:5-15:19
MERGED from [com.github.Pygmalion69:Gauge:1.5.2] AndroidManifest.xml:11:5-15:19
MERGED from [com.github.abumoallim:Android-Multi-Select-Dialog:v1.9] AndroidManifest.xml:11:5-15:19
MERGED from [com.github.abumoallim:Android-Multi-Select-Dialog:v1.9] AndroidManifest.xml:11:5-15:19
MERGED from [net.gotev:uploadservice:2.1] AndroidManifest.xml:15:5-21:19
MERGED from [net.gotev:uploadservice:2.1] AndroidManifest.xml:15:5-21:19
MERGED from [com.wdullaer:materialdatetimepicker:4.2.3] AndroidManifest.xml:28:5-20
MERGED from [com.wdullaer:materialdatetimepicker:4.2.3] AndroidManifest.xml:28:5-20
MERGED from [com.mlsdev.animatedrv:library:1.0.1] AndroidManifest.xml:11:5-15:19
MERGED from [com.mlsdev.animatedrv:library:1.0.1] AndroidManifest.xml:11:5-15:19
MERGED from [com.github.ome450901:SimpleRatingBar:1.5.0] AndroidManifest.xml:11:5-12:19
MERGED from [com.github.ome450901:SimpleRatingBar:1.5.0] AndroidManifest.xml:11:5-12:19
MERGED from [com.github.adrielcafe:AndroidAudioRecorder:0.3.0] AndroidManifest.xml:11:5-16:19
MERGED from [com.github.adrielcafe:AndroidAudioRecorder:0.3.0] AndroidManifest.xml:11:5-16:19
MERGED from [devs.mulham.horizontalcalendar:horizontalcalendar:1.3.4] AndroidManifest.xml:11:5-12:19
MERGED from [devs.mulham.horizontalcalendar:horizontalcalendar:1.3.4] AndroidManifest.xml:11:5-12:19
MERGED from [androidx.constraintlayout:constraintlayout:1.1.3] AndroidManifest.xml:9:5-20
MERGED from [androidx.constraintlayout:constraintlayout:1.1.3] AndroidManifest.xml:9:5-20
MERGED from [com.github.bumptech.glide:glide:4.9.0] AndroidManifest.xml:10:5-20
MERGED from [com.github.bumptech.glide:glide:4.9.0] AndroidManifest.xml:10:5-20
MERGED from [com.github.vipulasri:timelineview:1.1.3] AndroidManifest.xml:11:5-15:19